<?xml version="1.0" encoding="UTF-8"?>
<!-- Generated by org.testng.reporters.JUnitXMLReporter -->
<testsuite ignored="0" hostname="DESKTOP-GKUD8OV" failures="1" tests="4" name="Test" time="119.392" errors="0" timestamp="2022-12-08T13:47:19 IST">
  <testcase classname="test.Test1" name="extractDataIMDB" time="40.417"/>
  <testcase classname="test.Test1" name="extractDataWIKI" time="28.729"/>
  <testcase classname="test.Test1" name="compareDate" time="0.021">
    <failure type="java.lang.AssertionError" message="failed-if both results are different expected [17 December 2021] but found [December 17, 2021 (United States)]">
      <![CDATA[java.lang.AssertionError: failed-if both results are different expected [17 December 2021] but found [December 17, 2021 (United States)]
at test.Test1.compareDate(Test1.java:87)
at java.base/java.util.ArrayList.forEach(ArrayList.java:1511)
... Removed 30 stack frames]]>
    </failure>
  </testcase> <!-- compareDate -->
  <testcase classname="test.Test1" name="compareCountry" time="0.002"/>
</testsuite> <!-- Test -->
