<?xml version="1.0" encoding="UTF-8"?>
<testng-results ignored="0" total="4" passed="3" failed="1" skipped="0">
  <reporter-output>
  </reporter-output>
  <suite started-at="2022-12-08T13:45:19 IST" name="Suite" finished-at="2022-12-08T13:47:19 IST" duration-ms="119392">
    <groups>
    </groups>
    <test started-at="2022-12-08T13:45:19 IST" name="Test" finished-at="2022-12-08T13:47:19 IST" duration-ms="119392">
      <class name="test.Test1">
        <test-method is-config="true" signature="createReport()[pri:0, instance:test.Test1@55141def]" started-at="2022-12-08T13:45:19 IST" name="createReport" finished-at="2022-12-08T13:45:20 IST" duration-ms="435" status="PASS">
          <reporter-output>
          </reporter-output>
        </test-method> <!-- createReport -->
        <test-method is-config="true" signature="browser()[pri:0, instance:test.Test1@55141def]" started-at="2022-12-08T13:45:20 IST" name="browser" finished-at="2022-12-08T13:45:33 IST" duration-ms="13063" status="PASS">
          <reporter-output>
          </reporter-output>
        </test-method> <!-- browser -->
        <test-method signature="extractDataIMDB()[pri:1, instance:test.Test1@55141def]" started-at="2022-12-08T13:45:33 IST" name="extractDataIMDB" finished-at="2022-12-08T13:46:13 IST" duration-ms="40417" status="PASS">
          <reporter-output>
          </reporter-output>
        </test-method> <!-- extractDataIMDB -->
        <test-method is-config="true" signature="captureResult(org.testng.ITestResult)[pri:0, instance:test.Test1@55141def]" started-at="2022-12-08T13:46:13 IST" name="captureResult" finished-at="2022-12-08T13:46:14 IST" duration-ms="539" status="PASS">
          <params>
            <param index="0">
              <value>
                <![CDATA[[TestResult name=extractDataIMDB status=SUCCESS method=Test1.extractDataIMDB()[pri:1, instance:test.Test1@55141def] output={null}]]]>
              </value>
            </param>
          </params>
          <reporter-output>
          </reporter-output>
        </test-method> <!-- captureResult -->
        <test-method is-config="true" signature="browser()[pri:0, instance:test.Test1@55141def]" started-at="2022-12-08T13:46:14 IST" name="browser" finished-at="2022-12-08T13:46:28 IST" duration-ms="14434" status="PASS">
          <reporter-output>
          </reporter-output>
        </test-method> <!-- browser -->
        <test-method signature="extractDataWIKI()[pri:2, instance:test.Test1@55141def]" started-at="2022-12-08T13:46:28 IST" name="extractDataWIKI" finished-at="2022-12-08T13:46:57 IST" duration-ms="28729" status="PASS">
          <reporter-output>
          </reporter-output>
        </test-method> <!-- extractDataWIKI -->
        <test-method is-config="true" signature="captureResult(org.testng.ITestResult)[pri:0, instance:test.Test1@55141def]" started-at="2022-12-08T13:46:57 IST" name="captureResult" finished-at="2022-12-08T13:46:58 IST" duration-ms="407" status="PASS">
          <params>
            <param index="0">
              <value>
                <![CDATA[[TestResult name=extractDataWIKI status=SUCCESS method=Test1.extractDataWIKI()[pri:2, instance:test.Test1@55141def] output={null}]]]>
              </value>
            </param>
          </params>
          <reporter-output>
          </reporter-output>
        </test-method> <!-- captureResult -->
        <test-method is-config="true" signature="browser()[pri:0, instance:test.Test1@55141def]" started-at="2022-12-08T13:46:58 IST" name="browser" finished-at="2022-12-08T13:47:07 IST" duration-ms="9643" status="PASS">
          <reporter-output>
          </reporter-output>
        </test-method> <!-- browser -->
        <test-method signature="compareDate()[pri:3, instance:test.Test1@55141def]" started-at="2022-12-08T13:47:07 IST" name="compareDate" finished-at="2022-12-08T13:47:07 IST" duration-ms="21" status="FAIL">
          <exception class="java.lang.AssertionError">
            <message>
              <![CDATA[failed-if both results are different expected [17 December 2021] but found [December 17, 2021 (United States)]]]>
            </message>
            <full-stacktrace>
              <![CDATA[java.lang.AssertionError: failed-if both results are different expected [17 December 2021] but found [December 17, 2021 (United States)]
at org.testng.Assert.fail(Assert.java:110)
at org.testng.Assert.failNotEquals(Assert.java:1413)
at org.testng.Assert.assertEqualsImpl(Assert.java:149)
at org.testng.Assert.assertEquals(Assert.java:131)
at org.testng.Assert.assertEquals(Assert.java:655)
at test.Test1.compareDate(Test1.java:87)
at java.base/jdk.internal.reflect.DirectMethodHandleAccessor.invoke(DirectMethodHandleAccessor.java:104)
at java.base/java.lang.reflect.Method.invoke(Method.java:577)
at org.testng.internal.invokers.MethodInvocationHelper.invokeMethod(MethodInvocationHelper.java:139)
at org.testng.internal.invokers.TestInvoker.invokeMethod(TestInvoker.java:677)
at org.testng.internal.invokers.TestInvoker.invokeTestMethod(TestInvoker.java:221)
at org.testng.internal.invokers.MethodRunner.runInSequence(MethodRunner.java:50)
at org.testng.internal.invokers.TestInvoker$MethodInvocationAgent.invoke(TestInvoker.java:962)
at org.testng.internal.invokers.TestInvoker.invokeTestMethods(TestInvoker.java:194)
at org.testng.internal.invokers.TestMethodWorker.invokeTestMethods(TestMethodWorker.java:148)
at org.testng.internal.invokers.TestMethodWorker.run(TestMethodWorker.java:128)
at java.base/java.util.ArrayList.forEach(ArrayList.java:1511)
at org.testng.TestRunner.privateRun(TestRunner.java:806)
at org.testng.TestRunner.run(TestRunner.java:601)
at org.testng.SuiteRunner.runTest(SuiteRunner.java:433)
at org.testng.SuiteRunner.runSequentially(SuiteRunner.java:427)
at org.testng.SuiteRunner.privateRun(SuiteRunner.java:387)
at org.testng.SuiteRunner.run(SuiteRunner.java:330)
at org.testng.SuiteRunnerWorker.runSuite(SuiteRunnerWorker.java:52)
at org.testng.SuiteRunnerWorker.run(SuiteRunnerWorker.java:95)
at org.testng.TestNG.runSuitesSequentially(TestNG.java:1256)
at org.testng.TestNG.runSuitesLocally(TestNG.java:1176)
at org.testng.TestNG.runSuites(TestNG.java:1099)
at org.testng.TestNG.run(TestNG.java:1067)
at org.testng.remote.AbstractRemoteTestNG.run(AbstractRemoteTestNG.java:115)
at org.testng.remote.RemoteTestNG.initAndRun(RemoteTestNG.java:251)
at org.testng.remote.RemoteTestNG.main(RemoteTestNG.java:77)
]]>
            </full-stacktrace>
          </exception> <!-- java.lang.AssertionError -->
          <reporter-output>
          </reporter-output>
        </test-method> <!-- compareDate -->
        <test-method is-config="true" signature="captureResult(org.testng.ITestResult)[pri:0, instance:test.Test1@55141def]" started-at="2022-12-08T13:47:07 IST" name="captureResult" finished-at="2022-12-08T13:47:08 IST" duration-ms="298" status="PASS">
          <params>
            <param index="0">
              <value>
                <![CDATA[[TestResult name=compareDate status=FAILURE method=Test1.compareDate()[pri:3, instance:test.Test1@55141def] output={null}]]]>
              </value>
            </param>
          </params>
          <reporter-output>
          </reporter-output>
        </test-method> <!-- captureResult -->
        <test-method is-config="true" signature="browser()[pri:0, instance:test.Test1@55141def]" started-at="2022-12-08T13:47:08 IST" name="browser" finished-at="2022-12-08T13:47:18 IST" duration-ms="10268" status="PASS">
          <reporter-output>
          </reporter-output>
        </test-method> <!-- browser -->
        <test-method signature="compareCountry()[pri:4, instance:test.Test1@55141def]" started-at="2022-12-08T13:47:18 IST" name="compareCountry" finished-at="2022-12-08T13:47:18 IST" duration-ms="2" status="PASS">
          <reporter-output>
          </reporter-output>
        </test-method> <!-- compareCountry -->
        <test-method is-config="true" signature="captureResult(org.testng.ITestResult)[pri:0, instance:test.Test1@55141def]" started-at="2022-12-08T13:47:18 IST" name="captureResult" finished-at="2022-12-08T13:47:18 IST" duration-ms="453" status="PASS">
          <params>
            <param index="0">
              <value>
                <![CDATA[[TestResult name=compareCountry status=SUCCESS method=Test1.compareCountry()[pri:4, instance:test.Test1@55141def] output={null}]]]>
              </value>
            </param>
          </params>
          <reporter-output>
          </reporter-output>
        </test-method> <!-- captureResult -->
        <test-method is-config="true" signature="flushReports()[pri:0, instance:test.Test1@55141def]" started-at="2022-12-08T13:47:18 IST" name="flushReports" finished-at="2022-12-08T13:47:19 IST" duration-ms="599" status="PASS">
          <reporter-output>
          </reporter-output>
        </test-method> <!-- flushReports -->
      </class> <!-- test.Test1 -->
    </test> <!-- Test -->
  </suite> <!-- Suite -->
</testng-results>
